<?xml version="1.0" encoding="UTF-8"?>
<testng-results total="1" passed="1" failed="0" skipped="0">
  <reporter-output>
  </reporter-output>
  <suite started-at="2020-05-05T14:06:49Z" name="com.qa.tests.GetApiTest" finished-at="2020-05-05T14:06:51Z" duration-ms="1553">
    <groups>
    </groups>
    <test started-at="2020-05-05T14:06:49Z" name="Command line test" finished-at="2020-05-05T14:06:51Z" duration-ms="1553">
      <class name="com.qa.tests.GetApiTest">
        <test-method is-config="true" signature="setup()[pri:0, instance:com.qa.tests.GetApiTest@7219ec67]" started-at="2020-05-05T19:36:49Z" name="setup" finished-at="2020-05-05T19:36:49Z" duration-ms="5" status="PASS">
          <reporter-output>
          </reporter-output>
        </test-method> <!-- setup -->
        <test-method signature="getTest()[pri:0, instance:com.qa.tests.GetApiTest@7219ec67]" started-at="2020-05-05T19:36:49Z" name="getTest" finished-at="2020-05-05T19:36:51Z" duration-ms="1539" status="PASS">
          <reporter-output>
          </reporter-output>
        </test-method> <!-- getTest -->
      </class> <!-- com.qa.tests.GetApiTest -->
    </test> <!-- Command line test -->
  </suite> <!-- com.qa.tests.GetApiTest -->
</testng-results>
